# JRE version: OpenJDK Runtime Environment Temurin-17.0.7+7 (17.0.7+7) (build 17.0.7+7)
# Java VM: OpenJDK 64-Bit Server VM Temurin-17.0.7+7 (17.0.7+7, mixed mode, tiered, compressed oops, compressed class ptrs, parallel gc, linux-amd64)
GC Precious Log:
 CPUs: 4 total, 4 available
 Memory: 7372M
 Large Page Support: Disabled
 NUMA Support: Disabled
 Compressed Oops: Enabled (32-bit)
 Alignments: Space 512K, Generation 512K, Heap 2M
 Heap Min Capacity: 100M
 Heap Initial Capacity: 100M
 Heap Max Capacity: 1G
 Pre-touch: Disabled
 Parallel Workers: 4
Heap:
 PSYoungGen      total 3584K, used 2447K [0x00000000eab00000, 0x00000000eb300000, 0x0000000100000000)
  eden space 2048K, 44% used [0x00000000eab00000,0x00000000eabe3fc8,0x00000000ead00000)
  from space 1536K, 100% used [0x00000000eae00000,0x00000000eaf80000,0x00000000eaf80000)
  to   space 3072K, 0% used [0x00000000eb000000,0x00000000eb000000,0x00000000eb300000)
 ParOldGen       total 279552K, used 275594K [0x00000000c0000000, 0x00000000d1100000, 0x00000000eab00000)
  object space 279552K, 98% used [0x00000000c0000000,0x00000000d0d22ad0,0x00000000d1100000)
 Metaspace       used 88112K, committed 89408K, reserved 1179648K
  class space    used 9168K, committed 9728K, reserved 1048576K
GC Heap History (20 events):
Event: 2692,239 GC heap before
{Heap before GC invocations=701 (full 19):
 PSYoungGen      total 7168K, used 7039K [0x00000000eab00000, 0x00000000eb780000, 0x0000000100000000)
  eden space 3584K, 99% used [0x00000000eab00000,0x00000000eae7fce0,0x00000000eae80000)
  from space 3584K, 96% used [0x00000000eae80000,0x00000000eb1e0000,0x00000000eb200000)
  to   space 4096K, 0% used [0x00000000eb380000,0x00000000eb380000,0x00000000eb780000)
 ParOldGen       total 279552K, used 259329K [0x00000000c0000000, 0x00000000d1100000, 0x00000000eab00000)
  object space 279552K, 92% used [0x00000000c0000000,0x00000000cfd40658,0x00000000d1100000)
 Metaspace       used 88050K, committed 89408K, reserved 1179648K
  class space    used 9168K, committed 9728K, reserved 1048576K
}
Event: 2692,257 GC heap after
{Heap after GC invocations=701 (full 19):
 PSYoungGen      total 5632K, used 1840K [0x00000000eab00000, 0x00000000eb580000, 0x0000000100000000)
  eden space 3584K, 0% used [0x00000000eab00000,0x00000000eab00000,0x00000000eae80000)
  from space 2048K, 89% used [0x00000000eb380000,0x00000000eb54c010,0x00000000eb580000)
  to   space 2560K, 0% used [0x00000000eb080000,0x00000000eb080000,0x00000000eb300000)
 ParOldGen       total 279552K, used 262753K [0x00000000c0000000, 0x00000000d1100000, 0x00000000eab00000)
  object space 279552K, 93% used [0x00000000c0000000,0x00000000d0098658,0x00000000d1100000)
 Metaspace       used 88050K, committed 89408K, reserved 1179648K
  class space    used 9168K, committed 9728K, reserved 1048576K
}
Event: 2706,514 GC heap before
{Heap before GC invocations=702 (full 19):
 PSYoungGen      total 5632K, used 5424K [0x00000000eab00000, 0x00000000eb580000, 0x0000000100000000)
  eden space 3584K, 100% used [0x00000000eab00000,0x00000000eae80000,0x00000000eae80000)
  from space 2048K, 89% used [0x00000000eb380000,0x00000000eb54c010,0x00000000eb580000)
  to   space 2560K, 0% used [0x00000000eb080000,0x00000000eb080000,0x00000000eb300000)
 ParOldGen       total 279552K, used 262753K [0x00000000c0000000, 0x00000000d1100000, 0x00000000eab00000)
  object space 279552K, 93% used [0x00000000c0000000,0x00000000d0098658,0x00000000d1100000)
 Metaspace       used 88060K, committed 89408K, reserved 1179648K
  class space    used 9168K, committed 9728K, reserved 1048576K
}
Event: 2706,523 GC heap after
{Heap after GC invocations=702 (full 19):
 PSYoungGen      total 6144K, used 224K [0x00000000eab00000, 0x00000000eb400000, 0x0000000100000000)
  eden space 3584K, 0% used [0x00000000eab00000,0x00000000eab00000,0x00000000eae80000)
  from space 2560K, 8% used [0x00000000eb080000,0x00000000eb0b8000,0x00000000eb300000)
  to   space 1024K, 0% used [0x00000000eb300000,0x00000000eb300000,0x00000000eb400000)
 ParOldGen       total 279552K, used 264531K [0x00000000c0000000, 0x00000000d1100000, 0x00000000eab00000)
  object space 279552K, 94% used [0x00000000c0000000,0x00000000d0254e78,0x00000000d1100000)
 Metaspace       used 88060K, committed 89408K, reserved 1179648K
  class space    used 9168K, committed 9728K, reserved 1048576K
}
Event: 2710,601 GC heap before
{Heap before GC invocations=703 (full 19):
 PSYoungGen      total 6144K, used 3787K [0x00000000eab00000, 0x00000000eb400000, 0x0000000100000000)
  eden space 3584K, 99% used [0x00000000eab00000,0x00000000eae7afc8,0x00000000eae80000)
  from space 2560K, 8% used [0x00000000eb080000,0x00000000eb0b8000,0x00000000eb300000)
  to   space 1024K, 0% used [0x00000000eb300000,0x00000000eb300000,0x00000000eb400000)
 ParOldGen       total 279552K, used 264531K [0x00000000c0000000, 0x00000000d1100000, 0x00000000eab00000)
  object space 279552K, 94% used [0x00000000c0000000,0x00000000d0254e78,0x00000000d1100000)
 Metaspace       used 88112K, committed 89408K, reserved 1179648K
  class space    used 9168K, committed 9728K, reserved 1048576K
}
Event: 2710,605 GC heap after
{Heap after GC invocations=703 (full 19):
 PSYoungGen      total 4096K, used 433K [0x00000000eab00000, 0x00000000eb380000, 0x0000000100000000)
  eden space 3584K, 0% used [0x00000000eab00000,0x00000000eab00000,0x00000000eae80000)
  from space 512K, 84% used [0x00000000eb300000,0x00000000eb36c450,0x00000000eb380000)
  to   space 512K, 0% used [0x00000000eb280000,0x00000000eb280000,0x00000000eb300000)
 ParOldGen       total 279552K, used 264683K [0x00000000c0000000, 0x00000000d1100000, 0x00000000eab00000)
  object space 279552K, 94% used [0x00000000c0000000,0x00000000d027ae78,0x00000000d1100000)
 Metaspace       used 88112K, committed 89408K, reserved 1179648K
  class space    used 9168K, committed 9728K, reserved 1048576K
}
Event: 2710,616 GC heap before
{Heap before GC invocations=704 (full 19):
 PSYoungGen      total 4096K, used 4017K [0x00000000eab00000, 0x00000000eb380000, 0x0000000100000000)
  eden space 3584K, 100% used [0x00000000eab00000,0x00000000eae80000,0x00000000eae80000)
  from space 512K, 84% used [0x00000000eb300000,0x00000000eb36c450,0x00000000eb380000)
  to   space 512K, 0% used [0x00000000eb280000,0x00000000eb280000,0x00000000eb300000)
 ParOldGen       total 279552K, used 264683K [0x00000000c0000000, 0x00000000d1100000, 0x00000000eab00000)
  object space 279552K, 94% used [0x00000000c0000000,0x00000000d027ae78,0x00000000d1100000)
 Metaspace       used 88112K, committed 89408K, reserved 1179648K
  class space    used 9168K, committed 9728K, reserved 1048576K
}
Event: 2710,622 GC heap after
{Heap after GC invocations=704 (full 19):
 PSYoungGen      total 4096K, used 481K [0x00000000eab00000, 0x00000000eb780000, 0x0000000100000000)
  eden space 3584K, 0% used [0x00000000eab00000,0x00000000eab00000,0x00000000eae80000)
  from space 512K, 93% used [0x00000000eb280000,0x00000000eb2f8440,0x00000000eb300000)
  to   space 4608K, 0% used [0x00000000eb300000,0x00000000eb300000,0x00000000eb780000)
 ParOldGen       total 279552K, used 267897K [0x00000000c0000000, 0x00000000d1100000, 0x00000000eab00000)
  object space 279552K, 95% used [0x00000000c0000000,0x00000000d059e648,0x00000000d1100000)
 Metaspace       used 88112K, committed 89408K, reserved 1179648K
  class space    used 9168K, committed 9728K, reserved 1048576K
}
Event: 2710,631 GC heap before
{Heap before GC invocations=705 (full 19):
 PSYoungGen      total 4096K, used 4065K [0x00000000eab00000, 0x00000000eb780000, 0x0000000100000000)
  eden space 3584K, 100% used [0x00000000eab00000,0x00000000eae80000,0x00000000eae80000)
  from space 512K, 93% used [0x00000000eb280000,0x00000000eb2f8440,0x00000000eb300000)
  to   space 4608K, 0% used [0x00000000eb300000,0x00000000eb300000,0x00000000eb780000)
 ParOldGen       total 279552K, used 267897K [0x00000000c0000000, 0x00000000d1100000, 0x00000000eab00000)
  object space 279552K, 95% used [0x00000000c0000000,0x00000000d059e648,0x00000000d1100000)
 Metaspace       used 88112K, committed 89408K, reserved 1179648K
  class space    used 9168K, committed 9728K, reserved 1048576K
}
Event: 2710,636 GC heap after
{Heap after GC invocations=705 (full 19):
 PSYoungGen      total 6144K, used 1344K [0x00000000eab00000, 0x00000000eb480000, 0x0000000100000000)
  eden space 4608K, 0% used [0x00000000eab00000,0x00000000eab00000,0x00000000eaf80000)
  from space 1536K, 87% used [0x00000000eb300000,0x00000000eb450000,0x00000000eb480000)
  to   space 2560K, 0% used [0x00000000eaf80000,0x00000000eaf80000,0x00000000eb200000)
 ParOldGen       total 279552K, used 268397K [0x00000000c0000000, 0x00000000d1100000, 0x00000000eab00000)
  object space 279552K, 96% used [0x00000000c0000000,0x00000000d061b440,0x00000000d1100000)
 Metaspace       used 88112K, committed 89408K, reserved 1179648K
  class space    used 9168K, committed 9728K, reserved 1048576K
}
Event: 2714,434 GC heap before
{Heap before GC invocations=706 (full 19):
 PSYoungGen      total 6144K, used 5952K [0x00000000eab00000, 0x00000000eb480000, 0x0000000100000000)
  eden space 4608K, 100% used [0x00000000eab00000,0x00000000eaf80000,0x00000000eaf80000)
  from space 1536K, 87% used [0x00000000eb300000,0x00000000eb450000,0x00000000eb480000)
  to   space 2560K, 0% used [0x00000000eaf80000,0x00000000eaf80000,0x00000000eb200000)
 ParOldGen       total 279552K, used 268397K [0x00000000c0000000, 0x00000000d1100000, 0x00000000eab00000)
  object space 279552K, 96% used [0x00000000c0000000,0x00000000d061b440,0x00000000d1100000)
 Metaspace       used 88112K, committed 89408K, reserved 1179648K
  class space    used 9168K, committed 9728K, reserved 1048576K
}
Event: 2714,440 GC heap after
{Heap after GC invocations=706 (full 19):
 PSYoungGen      total 7168K, used 954K [0x00000000eab00000, 0x00000000eb380000, 0x0000000100000000)
  eden space 4608K, 0% used [0x00000000eab00000,0x00000000eab00000,0x00000000eaf80000)
  from space 2560K, 37% used [0x00000000eaf80000,0x00000000eb06ebc0,0x00000000eb200000)
  to   space 1536K, 0% used [0x00000000eb200000,0x00000000eb200000,0x00000000eb380000)
 ParOldGen       total 279552K, used 268677K [0x00000000c0000000, 0x00000000d1100000, 0x00000000eab00000)
  object space 279552K, 96% used [0x00000000c0000000,0x00000000d0661440,0x00000000d1100000)
 Metaspace       used 88112K, committed 89408K, reserved 1179648K
  class space    used 9168K, committed 9728K, reserved 1048576K
}
Event: 2714,451 GC heap before
{Heap before GC invocations=707 (full 19):
 PSYoungGen      total 7168K, used 5562K [0x00000000eab00000, 0x00000000eb380000, 0x0000000100000000)
  eden space 4608K, 100% used [0x00000000eab00000,0x00000000eaf80000,0x00000000eaf80000)
  from space 2560K, 37% used [0x00000000eaf80000,0x00000000eb06ebc0,0x00000000eb200000)
  to   space 1536K, 0% used [0x00000000eb200000,0x00000000eb200000,0x00000000eb380000)
 ParOldGen       total 279552K, used 268677K [0x00000000c0000000, 0x00000000d1100000, 0x00000000eab00000)
  object space 279552K, 96% used [0x00000000c0000000,0x00000000d0661440,0x00000000d1100000)
 Metaspace       used 88112K, committed 89408K, reserved 1179648K
  class space    used 9168K, committed 9728K, reserved 1048576K
}
Event: 2714,458 GC heap after
{Heap after GC invocations=707 (full 19):
 PSYoungGen      total 2560K, used 1533K [0x00000000eab00000, 0x00000000ebc80000, 0x0000000100000000)
  eden space 1024K, 0% used [0x00000000eab00000,0x00000000eab00000,0x00000000eac00000)
  from space 1536K, 99% used [0x00000000eb200000,0x00000000eb37f650,0x00000000eb380000)
  to   space 6144K, 0% used [0x00000000eac00000,0x00000000eac00000,0x00000000eb200000)
 ParOldGen       total 279552K, used 272173K [0x00000000c0000000, 0x00000000d1100000, 0x00000000eab00000)
  object space 279552K, 97% used [0x00000000c0000000,0x00000000d09cb480,0x00000000d1100000)
 Metaspace       used 88112K, committed 89408K, reserved 1179648K
  class space    used 9168K, committed 9728K, reserved 1048576K
}
Event: 2714,461 GC heap before
{Heap before GC invocations=708 (full 19):
 PSYoungGen      total 2560K, used 2557K [0x00000000eab00000, 0x00000000ebc80000, 0x0000000100000000)
  eden space 1024K, 100% used [0x00000000eab00000,0x00000000eac00000,0x00000000eac00000)
  from space 1536K, 99% used [0x00000000eb200000,0x00000000eb37f650,0x00000000eb380000)
  to   space 6144K, 0% used [0x00000000eac00000,0x00000000eac00000,0x00000000eb200000)
 ParOldGen       total 279552K, used 272173K [0x00000000c0000000, 0x00000000d1100000, 0x00000000eab00000)
  object space 279552K, 97% used [0x00000000c0000000,0x00000000d09cb480,0x00000000d1100000)
 Metaspace       used 88112K, committed 89408K, reserved 1179648K
  class space    used 9168K, committed 9728K, reserved 1048576K
}
Event: 2714,466 GC heap after
{Heap after GC invocations=708 (full 19):
 PSYoungGen      total 2048K, used 896K [0x00000000eab00000, 0x00000000eb280000, 0x0000000100000000)
  eden space 1024K, 0% used [0x00000000eab00000,0x00000000eab00000,0x00000000eac00000)
  from space 1024K, 87% used [0x00000000eac00000,0x00000000eace0000,0x00000000ead00000)
  to   space 2560K, 0% used [0x00000000eb000000,0x00000000eb000000,0x00000000eb280000)
 ParOldGen       total 279552K, used 273730K [0x00000000c0000000, 0x00000000d1100000, 0x00000000eab00000)
  object space 279552K, 97% used [0x00000000c0000000,0x00000000d0b50ad0,0x00000000d1100000)
 Metaspace       used 88112K, committed 89408K, reserved 1179648K
  class space    used 9168K, committed 9728K, reserved 1048576K
}
Event: 2714,469 GC heap before
{Heap before GC invocations=709 (full 19):
 PSYoungGen      total 2048K, used 1920K [0x00000000eab00000, 0x00000000eb280000, 0x0000000100000000)
  eden space 1024K, 100% used [0x00000000eab00000,0x00000000eac00000,0x00000000eac00000)
  from space 1024K, 87% used [0x00000000eac00000,0x00000000eace0000,0x00000000ead00000)
  to   space 2560K, 0% used [0x00000000eb000000,0x00000000eb000000,0x00000000eb280000)
 ParOldGen       total 279552K, used 273730K [0x00000000c0000000, 0x00000000d1100000, 0x00000000eab00000)
  object space 279552K, 97% used [0x00000000c0000000,0x00000000d0b50ad0,0x00000000d1100000)
 Metaspace       used 88112K, committed 89408K, reserved 1179648K
  class space    used 9168K, committed 9728K, reserved 1048576K
}
Event: 2714,474 GC heap after
{Heap after GC invocations=709 (full 19):
 PSYoungGen      total 2560K, used 992K [0x00000000eab00000, 0x00000000eb100000, 0x0000000100000000)
  eden space 1536K, 0% used [0x00000000eab00000,0x00000000eab00000,0x00000000eac80000)
  from space 1024K, 96% used [0x00000000eb000000,0x00000000eb0f8000,0x00000000eb100000)
  to   space 1536K, 0% used [0x00000000eae00000,0x00000000eae00000,0x00000000eaf80000)
 ParOldGen       total 279552K, used 274610K [0x00000000c0000000, 0x00000000d1100000, 0x00000000eab00000)
  object space 279552K, 98% used [0x00000000c0000000,0x00000000d0c2cad0,0x00000000d1100000)
 Metaspace       used 88112K, committed 89408K, reserved 1179648K
  class space    used 9168K, committed 9728K, reserved 1048576K
}
Event: 2714,478 GC heap before
{Heap before GC invocations=710 (full 19):
 PSYoungGen      total 2560K, used 2528K [0x00000000eab00000, 0x00000000eb100000, 0x0000000100000000)
  eden space 1536K, 100% used [0x00000000eab00000,0x00000000eac80000,0x00000000eac80000)
  from space 1024K, 96% used [0x00000000eb000000,0x00000000eb0f8000,0x00000000eb100000)
  to   space 1536K, 0% used [0x00000000eae00000,0x00000000eae00000,0x00000000eaf80000)
 ParOldGen       total 279552K, used 274610K [0x00000000c0000000, 0x00000000d1100000, 0x00000000eab00000)
  object space 279552K, 98% used [0x00000000c0000000,0x00000000d0c2cad0,0x00000000d1100000)
 Metaspace       used 88112K, committed 89408K, reserved 1179648K
  class space    used 9168K, committed 9728K, reserved 1048576K
}
Event: 2714,483 GC heap after
{Heap after GC invocations=710 (full 19):
 PSYoungGen      total 3584K, used 1536K [0x00000000eab00000, 0x00000000eb300000, 0x0000000100000000)
  eden space 2048K, 0% used [0x00000000eab00000,0x00000000eab00000,0x00000000ead00000)
  from space 1536K, 100% used [0x00000000eae00000,0x00000000eaf80000,0x00000000eaf80000)
  to   space 3072K, 0% used [0x00000000eb000000,0x00000000eb000000,0x00000000eb300000)
 ParOldGen       total 279552K, used 275594K [0x00000000c0000000, 0x00000000d1100000, 0x00000000eab00000)
  object space 279552K, 98% used [0x00000000c0000000,0x00000000d0d22ad0,0x00000000d1100000)
 Metaspace       used 88112K, committed 89408K, reserved 1179648K
  class space    used 9168K, committed 9728K, reserved 1048576K
}

