<?xml version="1.0" encoding="UTF-8"?>
<testsuite xmlns:xsi="http://www.w3.org/2001/XMLSchema-instance" xsi:noNamespaceSchemaLocation="https://maven.apache.org/surefire/maven-surefire-plugin/xsd/surefire-test-report-3.0.xsd" version="3.0" name="sorting.test.StudentSortingTest" time="0.229" tests="18" errors="0" skipped="0" failures="0">
  <properties>
[...]
</properties>
  <testcase name="testSort01" classname="sorting.test.StudentSortingTest" time="0.009"/>
  <testcase name="testSort02" classname="sorting.test.StudentSortingTest" time="0"/>
  <testcase name="testSort03" classname="sorting.test.StudentSortingTest" time="0"/>
  <testcase name="testSort04" classname="sorting.test.StudentSortingTest" time="0.001"/>
  <testcase name="testSort05" classname="sorting.test.StudentSortingTest" time="0.001"/>
  <testcase name="testSort06" classname="sorting.test.StudentSortingTest" time="0.007"/>
  <testcase name="testSort07" classname="sorting.test.StudentSortingTest" time="0"/>
  <testcase name="testSort08" classname="sorting.test.StudentSortingTest" time="0"/>
  <testcase name="testSort09" classname="sorting.test.StudentSortingTest" time="0.002"/>
  <testcase name="testSort10" classname="sorting.test.StudentSortingTest" time="0.001"/>
  <testcase name="testSort11" classname="sorting.test.StudentSortingTest" time="0"/>
  <testcase name="testSort12" classname="sorting.test.StudentSortingTest" time="0.002"/>
  <testcase name="testSort13" classname="sorting.test.StudentSortingTest" time="0.001"/>
  <testcase name="testSort14" classname="sorting.test.StudentSortingTest" time="0.002"/>
  <testcase name="testSort15" classname="sorting.test.StudentSortingTest" time="0.002"/>
  <testcase name="testSort16" classname="sorting.test.StudentSortingTest" time="0.006"/>
  <testcase name="testSort17" classname="sorting.test.StudentSortingTest" time="0.001"/>
  <testcase name="testSort18" classname="sorting.test.StudentSortingTest" time="0.001"/>
</testsuite>